<?xml version="1.0" encoding="UTF-8"?>
<robot generator="Robot 6.0.2 (Python 3.11.2 on win32)" generated="20230301 02:00:29.520" rpa="false" schemaversion="3">
<suite id="s1" name="Estrutura" source="E:\Rúbia Augusto\Documents\Robot Framework Web\projeto1\estrutura.robot">
<test id="s1-t1" name="Cenario 1: teste de abrir site do google" line="20">
<kw name="abrir site do google">
<kw name="Open Browser" library="SeleniumLibrary">
<arg>https://www.google.com.br/</arg>
<arg>chrome</arg>
<doc>Opens a new browser instance to the optional ``url``.</doc>
<msg timestamp="20230301 02:00:29.857" level="INFO">Opening browser 'chrome' to base url 'https://www.google.com.br/'.</msg>
<status status="PASS" starttime="20230301 02:00:29.856" endtime="20230301 02:00:34.495"/>
</kw>
<status status="PASS" starttime="20230301 02:00:29.855" endtime="20230301 02:00:34.495"/>
</kw>
<kw name="fechar navegador">
<kw name="Close Browser" library="SeleniumLibrary">
<doc>Closes the current browser.</doc>
<status status="PASS" starttime="20230301 02:00:34.496" endtime="20230301 02:00:36.818"/>
</kw>
<status status="PASS" starttime="20230301 02:00:34.496" endtime="20230301 02:00:36.819"/>
</kw>
<status status="PASS" starttime="20230301 02:00:29.842" endtime="20230301 02:00:36.821"/>
</test>
<test id="s1-t2" name="Cenario 2: teste de abrir site da globo" line="24">
<kw name="abrir site da globo">
<kw name="Open Browser" library="SeleniumLibrary">
<arg>https://www.globo.com/</arg>
<arg>chrome</arg>
<doc>Opens a new browser instance to the optional ``url``.</doc>
<msg timestamp="20230301 02:00:36.826" level="INFO">Opening browser 'chrome' to base url 'https://www.globo.com/'.</msg>
<status status="PASS" starttime="20230301 02:00:36.826" endtime="20230301 02:00:45.202"/>
</kw>
<status status="PASS" starttime="20230301 02:00:36.826" endtime="20230301 02:00:45.202"/>
</kw>
<kw name="fechar navegador">
<kw name="Close Browser" library="SeleniumLibrary">
<doc>Closes the current browser.</doc>
<status status="PASS" starttime="20230301 02:00:45.203" endtime="20230301 02:00:47.557"/>
</kw>
<status status="PASS" starttime="20230301 02:00:45.203" endtime="20230301 02:00:47.558"/>
</kw>
<status status="PASS" starttime="20230301 02:00:36.826" endtime="20230301 02:00:47.559"/>
</test>
<status status="PASS" starttime="20230301 02:00:29.520" endtime="20230301 02:00:47.564"/>
</suite>
<statistics>
<total>
<stat pass="2" fail="0" skip="0">All Tests</stat>
</total>
<tag>
</tag>
<suite>
<stat pass="2" fail="0" skip="0" id="s1" name="Estrutura">Estrutura</stat>
</suite>
</statistics>
<errors>
</errors>
</robot>
