<?xml version="1.0" encoding="UTF-8"?>
<robot generator="Robot 6.0.2 (Python 3.11.2 on win32)" generated="20230306 21:32:43.289" rpa="false" schemaversion="3">
<suite id="s1" name="Testes" source="E:\Rúbia Augusto\Documents\Robot Framework Web\projeto1\testes">
<suite id="s1-s1" name="Bdd" source="E:\Rúbia Augusto\Documents\Robot Framework Web\projeto1\testes\bdd.robot">
<test id="s1-s1-t1" name="Cenario 1: executar vídeo no site do youtube" line="42">
<kw name="Dado que eu acesso o site do youtube">
<kw name="Open Browser" library="SeleniumLibrary">
<arg>${URL}</arg>
<arg>${Browser}</arg>
<doc>Opens a new browser instance to the optional ``url``.</doc>
<msg timestamp="20230306 21:32:43.632" level="INFO">Opening browser 'chrome' to base url 'https://www.youtube.com/'.</msg>
<status status="PASS" starttime="20230306 21:32:43.631" endtime="20230306 21:32:50.218"/>
</kw>
<status status="PASS" starttime="20230306 21:32:43.631" endtime="20230306 21:32:50.218"/>
</kw>
<kw name="Quando digito o nome da música">
<kw name="Input Text" library="SeleniumLibrary">
<arg>${Input_Pesquisa}</arg>
<arg>${NomeDaMusica}</arg>
<doc>Types the given ``text`` into the text field identified by ``locator``.</doc>
<msg timestamp="20230306 21:32:50.225" level="INFO">Typing text 'Ariana Grande Positions' into text field '//input[@id="search"]'.</msg>
<status status="PASS" starttime="20230306 21:32:50.223" endtime="20230306 21:32:50.983"/>
</kw>
<status status="PASS" starttime="20230306 21:32:50.222" endtime="20230306 21:32:50.983"/>
</kw>
<kw name="E clico no botão buscar">
<kw name="Click Element" library="SeleniumLibrary">
<arg>${button_Pesquisa}</arg>
<doc>Click the element identified by ``locator``.</doc>
<msg timestamp="20230306 21:32:50.994" level="INFO">Clicking element '//button[@id="search-icon-legacy"]'.</msg>
<status status="PASS" starttime="20230306 21:32:50.993" endtime="20230306 21:32:51.484"/>
</kw>
<status status="PASS" starttime="20230306 21:32:50.992" endtime="20230306 21:32:51.484"/>
</kw>
<kw name="E clico na primeira opção da lista">
<kw name="Wait Until Element Is Visible" library="SeleniumLibrary">
<arg>${Primeiro}</arg>
<arg>10</arg>
<doc>Waits until the element ``locator`` is visible.</doc>
<status status="PASS" starttime="20230306 21:32:51.502" endtime="20230306 21:32:53.153"/>
</kw>
<kw name="Click Element" library="SeleniumLibrary">
<arg>${Primeiro}</arg>
<doc>Click the element identified by ``locator``.</doc>
<msg timestamp="20230306 21:32:53.154" level="INFO">Clicking element '(//yt-formatted-string[@class="style-scope ytd-video-renderer"])[1]'.</msg>
<status status="PASS" starttime="20230306 21:32:53.153" endtime="20230306 21:32:54.067"/>
</kw>
<status status="PASS" starttime="20230306 21:32:51.501" endtime="20230306 21:32:54.068"/>
</kw>
<kw name="Então o vídeo é executado">
<kw name="Wait Until Element Is Visible" library="SeleniumLibrary">
<arg>${Prova}</arg>
<arg>10</arg>
<doc>Waits until the element ``locator`` is visible.</doc>
<status status="PASS" starttime="20230306 21:32:54.075" endtime="20230306 21:32:55.236"/>
</kw>
<kw name="Element Should Be Visible" library="SeleniumLibrary">
<arg>${Prova}</arg>
<doc>Verifies that the element identified by ``locator`` is visible.</doc>
<msg timestamp="20230306 21:32:55.677" level="INFO">Element '(//div[@id="subscribe-button"])[1]' is displayed.</msg>
<status status="PASS" starttime="20230306 21:32:55.236" endtime="20230306 21:32:55.677"/>
</kw>
<kw name="Close Browser" library="SeleniumLibrary">
<doc>Closes the current browser.</doc>
<status status="PASS" starttime="20230306 21:32:55.677" endtime="20230306 21:32:58.441"/>
</kw>
<status status="PASS" starttime="20230306 21:32:54.074" endtime="20230306 21:32:58.441"/>
</kw>
<tag>regressivo</tag>
<status status="PASS" starttime="20230306 21:32:43.630" endtime="20230306 21:32:58.441"/>
</test>
<status status="PASS" starttime="20230306 21:32:43.320" endtime="20230306 21:32:58.450"/>
</suite>
<suite id="s1-s2" name="Estrutura" source="E:\Rúbia Augusto\Documents\Robot Framework Web\projeto1\testes\estrutura.robot">
<test id="s1-s2-t1" name="Cenário 1: teste de abrir site do google" line="20">
<kw name="abrir site do google">
<kw name="Open Browser" library="SeleniumLibrary">
<arg>https://www.google.com.br/</arg>
<arg>chrome</arg>
<doc>Opens a new browser instance to the optional ``url``.</doc>
<msg timestamp="20230306 21:32:58.482" level="INFO">Opening browser 'chrome' to base url 'https://www.google.com.br/'.</msg>
<status status="PASS" starttime="20230306 21:32:58.481" endtime="20230306 21:33:02.048"/>
</kw>
<status status="PASS" starttime="20230306 21:32:58.480" endtime="20230306 21:33:02.049"/>
</kw>
<kw name="fechar navegador">
<kw name="Close Browser" library="SeleniumLibrary">
<doc>Closes the current browser.</doc>
<status status="PASS" starttime="20230306 21:33:02.050" endtime="20230306 21:33:04.305"/>
</kw>
<status status="PASS" starttime="20230306 21:33:02.049" endtime="20230306 21:33:04.305"/>
</kw>
<tag>regressivo</tag>
<status status="PASS" starttime="20230306 21:32:58.478" endtime="20230306 21:33:04.305"/>
</test>
<status status="PASS" starttime="20230306 21:32:58.460" endtime="20230306 21:33:04.305"/>
</suite>
<status status="PASS" starttime="20230306 21:32:43.289" endtime="20230306 21:33:04.305"/>
</suite>
<statistics>
<total>
<stat pass="2" fail="0" skip="0">All Tests</stat>
</total>
<tag>
<stat pass="2" fail="0" skip="0">regressivo</stat>
</tag>
<suite>
<stat pass="2" fail="0" skip="0" id="s1" name="Testes">Testes</stat>
<stat pass="1" fail="0" skip="0" id="s1-s1" name="Bdd">Testes.Bdd</stat>
<stat pass="1" fail="0" skip="0" id="s1-s2" name="Estrutura">Testes.Estrutura</stat>
</suite>
</statistics>
<errors>
</errors>
</robot>
