<?xml version="1.0" encoding="UTF-8"?>
<robot generator="Robot 6.0.2 (Python 3.11.2 on win32)" generated="20230306 22:07:23.992" rpa="false" schemaversion="3">
<suite id="s1" name="Testes" source="E:\Tiago\Documents\Robot Framework Web\projeto1\testes">
<suite id="s1-s1" name="Bdd" source="E:\Tiago\Documents\Robot Framework Web\projeto1\testes\bdd.robot">
<test id="s1-s1-t1" name="Cenario 1: executar vídeo no site do youtube" line="42">
<kw name="Dado que eu acesso o site do youtube">
<kw name="Open Browser" library="SeleniumLibrary">
<arg>${URL}</arg>
<arg>${Browser}</arg>
<doc>Opens a new browser instance to the optional ``url``.</doc>
<msg timestamp="20230306 22:07:24.333" level="INFO">Opening browser 'chrome' to base url 'https://www.youtube.com/'.</msg>
<status status="PASS" starttime="20230306 22:07:24.332" endtime="20230306 22:07:30.942"/>
</kw>
<status status="PASS" starttime="20230306 22:07:24.332" endtime="20230306 22:07:30.943"/>
</kw>
<kw name="Quando digito o nome da música">
<kw name="Input Text" library="SeleniumLibrary">
<arg>${Input_Pesquisa}</arg>
<arg>${NomeDaMusica}</arg>
<doc>Types the given ``text`` into the text field identified by ``locator``.</doc>
<msg timestamp="20230306 22:07:30.954" level="INFO">Typing text 'Ariana Grande Positions' into text field '//input[@id="search"]'.</msg>
<status status="PASS" starttime="20230306 22:07:30.952" endtime="20230306 22:07:31.636"/>
</kw>
<status status="PASS" starttime="20230306 22:07:30.951" endtime="20230306 22:07:31.637"/>
</kw>
<kw name="E clico no botão buscar">
<kw name="Click Element" library="SeleniumLibrary">
<arg>${button_Pesquisa}</arg>
<doc>Click the element identified by ``locator``.</doc>
<msg timestamp="20230306 22:07:31.639" level="INFO">Clicking element '//button[@id="search-icon-legacy"]'.</msg>
<status status="PASS" starttime="20230306 22:07:31.638" endtime="20230306 22:07:32.244"/>
</kw>
<status status="PASS" starttime="20230306 22:07:31.637" endtime="20230306 22:07:32.245"/>
</kw>
<kw name="E clico na primeira opção da lista">
<kw name="Wait Until Element Is Visible" library="SeleniumLibrary">
<arg>${Primeiro}</arg>
<arg>10</arg>
<doc>Waits until the element ``locator`` is visible.</doc>
<status status="PASS" starttime="20230306 22:07:32.280" endtime="20230306 22:07:34.070"/>
</kw>
<kw name="Click Element" library="SeleniumLibrary">
<arg>${Primeiro}</arg>
<doc>Click the element identified by ``locator``.</doc>
<msg timestamp="20230306 22:07:34.073" level="INFO">Clicking element '(//yt-formatted-string[@class="style-scope ytd-video-renderer"])[1]'.</msg>
<status status="PASS" starttime="20230306 22:07:34.071" endtime="20230306 22:07:34.699"/>
</kw>
<status status="PASS" starttime="20230306 22:07:32.280" endtime="20230306 22:07:34.700"/>
</kw>
<kw name="Então o vídeo é executado">
<kw name="Wait Until Element Is Visible" library="SeleniumLibrary">
<arg>${Prova}</arg>
<arg>10</arg>
<doc>Waits until the element ``locator`` is visible.</doc>
<status status="PASS" starttime="20230306 22:07:34.704" endtime="20230306 22:07:35.890"/>
</kw>
<kw name="Element Should Be Visible" library="SeleniumLibrary">
<arg>${Prova}</arg>
<doc>Verifies that the element identified by ``locator`` is visible.</doc>
<msg timestamp="20230306 22:07:36.253" level="INFO">Element '(//div[@id="subscribe-button"])[1]' is displayed.</msg>
<status status="PASS" starttime="20230306 22:07:35.890" endtime="20230306 22:07:36.253"/>
</kw>
<kw name="Close Browser" library="SeleniumLibrary">
<doc>Closes the current browser.</doc>
<status status="PASS" starttime="20230306 22:07:36.253" endtime="20230306 22:07:38.953"/>
</kw>
<status status="PASS" starttime="20230306 22:07:34.700" endtime="20230306 22:07:38.953"/>
</kw>
<tag>regressivo</tag>
<status status="PASS" starttime="20230306 22:07:24.331" endtime="20230306 22:07:38.955"/>
</test>
<status status="PASS" starttime="20230306 22:07:24.023" endtime="20230306 22:07:38.960"/>
</suite>
<suite id="s1-s2" name="Estrutura" source="E:\Tiago\Documents\Robot Framework Web\projeto1\testes\estrutura.robot">
<test id="s1-s2-t1" name="Cenário 1: teste de abrir site do google" line="20">
<kw name="abrir site do google">
<kw name="Open Browser" library="SeleniumLibrary">
<arg>https://www.google.com.br/</arg>
<arg>chrome</arg>
<doc>Opens a new browser instance to the optional ``url``.</doc>
<msg timestamp="20230306 22:07:38.995" level="INFO">Opening browser 'chrome' to base url 'https://www.google.com.br/'.</msg>
<status status="PASS" starttime="20230306 22:07:38.994" endtime="20230306 22:07:42.284"/>
</kw>
<status status="PASS" starttime="20230306 22:07:38.993" endtime="20230306 22:07:42.285"/>
</kw>
<kw name="fechar navegador">
<kw name="Close Browser" library="SeleniumLibrary">
<doc>Closes the current browser.</doc>
<status status="PASS" starttime="20230306 22:07:42.287" endtime="20230306 22:07:44.577"/>
</kw>
<status status="PASS" starttime="20230306 22:07:42.287" endtime="20230306 22:07:44.577"/>
</kw>
<tag>regressivo</tag>
<status status="PASS" starttime="20230306 22:07:38.992" endtime="20230306 22:07:44.577"/>
</test>
<status status="PASS" starttime="20230306 22:07:38.967" endtime="20230306 22:07:44.583"/>
</suite>
<status status="PASS" starttime="20230306 22:07:23.992" endtime="20230306 22:07:44.593"/>
</suite>
<statistics>
<total>
<stat pass="2" fail="0" skip="0">All Tests</stat>
</total>
<tag>
<stat pass="2" fail="0" skip="0">regressivo</stat>
</tag>
<suite>
<stat pass="2" fail="0" skip="0" id="s1" name="Testes">Testes</stat>
<stat pass="1" fail="0" skip="0" id="s1-s1" name="Bdd">Testes.Bdd</stat>
<stat pass="1" fail="0" skip="0" id="s1-s2" name="Estrutura">Testes.Estrutura</stat>
</suite>
</statistics>
<errors>
</errors>
</robot>
